<?xml version="1.0" encoding="UTF-8"?>
<!-- Generated by org.testng.reporters.JUnitXMLReporter -->
<testsuite hostname="admin-PC" ignored="0" name="RetryMultipleTests" tests="3" failures="0" timestamp="08 Aug 2018 05:21:45 GMT" time="59.928" errors="0">
  <testcase name="test1" time="0.009" classname="tests.RetryTest"/>
  <testcase name="test2" time="0.002" classname="tests.RetryTest"/>
  <testcase name="enableTextbox" time="5.028" classname="tests.EnableTextEditorJScript"/>
</testsuite> <!-- RetryMultipleTests -->
